\BOOKMARK [0][-]{chapter.1}{\376\377\171\273\145\143\174\373\176\337\173\200\116\313}{}% 1
\BOOKMARK [1][-]{section.1.1}{\376\377\117\341\123\367\221\307\150\067\116\016\117\335\143\001}{chapter.1}% 2
\BOOKMARK [2][-]{subsection.1.1.1}{\376\377\117\341\123\367\166\204\221\307\150\067}{section.1.1}% 3
\BOOKMARK [2][-]{subsection.1.1.2}{\376\377\226\366\226\066\117\335\143\001\126\150\000\050\000Z\000O\000H\000\051}{section.1.1}% 4
\BOOKMARK [1][-]{section.1.2}{\376\377\201\011\121\262\117\040\220\022\121\375\145\160}{chapter.1}% 5
\BOOKMARK [2][-]{subsection.1.2.1}{\376\377\133\232\116\111}{section.1.2}% 6
\BOOKMARK [2][-]{subsection.1.2.2}{\376\377\176\331\133\232\150\106\126\376\154\102\201\011\121\262\117\040\220\022\121\375\145\160}{section.1.2}% 7
\BOOKMARK [1][-]{section.1.3}{\376\377\000Z\123\330\143\142\116\016\220\006\000Z\123\330\143\142}{chapter.1}% 8
\BOOKMARK [2][-]{subsection.1.3.1}{\376\377\000Z\123\330\143\142}{section.1.3}% 9
\BOOKMARK [2][-]{subsection.1.3.2}{\376\377\220\006\000Z\123\330\143\142}{section.1.3}% 10
\BOOKMARK [1][-]{section.1.4}{\376\377\171\273\145\143\174\373\176\337\166\204\140\047\200\375\122\006\147\220}{chapter.1}% 11
\BOOKMARK [2][-]{subsection.1.4.1}{\376\377\000s\136\163\227\142\122\060\000z\136\163\227\142}{section.1.4}% 12
\BOOKMARK [2][-]{subsection.1.4.2}{\376\377\172\063\133\232\122\044\143\156}{section.1.4}% 13
\BOOKMARK [2][-]{subsection.1.4.3}{\376\377\172\063\140\001\213\357\135\356}{section.1.4}% 14
\BOOKMARK [2][-]{subsection.1.4.4}{\376\377\150\071\217\150\217\371\154\325}{section.1.4}% 15
\BOOKMARK [2][-]{subsection.1.4.5}{\376\377\147\201\160\271\122\006\136\003\133\371\122\250\140\001\140\047\200\375\137\161\124\315}{section.1.4}% 16
\BOOKMARK [0][-]{chapter.2}{\376\377\213\276\213\241\171\273\145\143\174\373\176\337}{}% 17
\BOOKMARK [1][-]{section.2.1}{\376\377\225\364\143\245\213\276\213\241\154\325}{chapter.2}% 18
\BOOKMARK [2][-]{subsection.2.1.1}{\376\377\136\070\165\050\166\204\171\273\145\143\123\026\145\271\154\325}{section.2.1}% 19
\BOOKMARK [2][-]{subsection.2.1.2}{\376\377\145\160\133\127\000P\000I\000D\143\247\122\066\126\150}{section.2.1}% 20
\BOOKMARK [2][-]{subsection.2.1.3}{\376\377\000P\000I\000D\173\227\154\325\166\204\145\071\217\333}{section.2.1}% 21
\BOOKMARK [1][-]{section.2.2}{\376\377\166\364\143\245\213\276\213\241\154\325}{chapter.2}% 22
\BOOKMARK [2][-]{subsection.2.2.1}{\376\377\147\000\134\021\142\315\213\276\213\241\154\325}{section.2.2}% 23
\BOOKMARK [2][-]{subsection.2.2.2}{\376\377\123\362\133\306\145\257\230\204\117\060\126\150}{section.2.2}% 24
\BOOKMARK [2][-]{subsection.2.2.3}{\376\377\131\047\147\227\173\227\154\325}{section.2.2}% 25
\BOOKMARK [1][-]{section.2.3}{\376\377\162\266\140\001\172\172\225\364\213\276\213\241\154\325}{chapter.2}% 26
\BOOKMARK [2][-]{subsection.2.3.1}{\376\377\162\266\140\001\172\172\225\364\145\271\172\013}{section.2.3}% 27
\BOOKMARK [2][-]{subsection.2.3.2}{\376\377\162\266\140\001\123\315\231\210\213\276\213\241\154\325}{section.2.3}% 28
\BOOKMARK [2][-]{subsection.2.3.3}{\376\377\217\223\121\372\123\315\231\210\213\276\213\241\154\325}{section.2.3}% 29
\BOOKMARK [2][-]{subsection.2.3.4}{\376\377\162\266\140\001\211\302\155\113\126\150\213\276\213\241}{section.2.3}% 30
\BOOKMARK [2][-]{subsection.2.3.5}{\376\377\136\046\162\266\140\001\211\302\155\113\126\150\166\204\162\266\140\001\123\315\231\210\174\373\176\337}{section.2.3}% 31
\BOOKMARK [0][-]{chapter.3}{\376\377\226\104\137\125}{}% 32
